[2025-09-29 19:46:16] Query OK, rows=1 for adminUsername='rean'
[2025-09-29 19:46:16] Fetched user id=1 name=Rean Coopera role=Stock Manager passwordHash-start=titetalgan
[2025-09-29 19:46:16] Login failed for adminUsername='rean'
[2025-09-29 19:49:42] Missing fields: username='' password-length=11
[2025-09-30 01:10:47] Missing fields: username='' password-length=5
[2025-09-30 02:14:38] Missing fields: username='' password-length=7
[2025-09-30 03:21:08] Query rows=1 for employeeUsername='cheese18'
[2025-09-30 03:21:08] Fetched id=1 name=Rean Coopera pos=Stock Manager ph-start=$2y$10$LPK
[2025-09-30 03:21:08] Login success employeeUsername='cheese18' id=1
[2025-09-30 03:21:25] Query rows=1 for employeeUsername='cheese18'
[2025-09-30 03:21:25] Fetched id=1 name=Rean Coopera pos=Stock Manager ph-start=$2y$10$LPK
[2025-09-30 03:21:25] Login success employeeUsername='cheese18' id=1
[2025-09-30 03:26:00] Query rows=1 for employeeUsername='cheese18'
[2025-09-30 03:26:00] Fetched id=1 name=Rean Coopera pos=Stock Manager ph-start=$2y$10$LPK
[2025-09-30 03:26:00] Login success employeeUsername='cheese18' id=1
[2025-09-30 03:26:55] Query rows=1 for employeeUsername='cheese18'
[2025-09-30 03:26:55] Fetched id=1 name=Rean Coopera pos=Stock Manager ph-start=$2y$10$LPK
[2025-09-30 03:26:56] Login success employeeUsername='cheese18' id=1
[2025-09-30 03:28:08] Query rows=1 for employeeUsername='cheese18'
[2025-09-30 03:28:08] Fetched id=1 name=Rean Coopera pos=Stock Manager ph-start=$2y$10$LPK
[2025-09-30 03:28:08] Login success employeeUsername='cheese18' id=1
[2025-09-30 04:09:56] Query rows=1 for employeeUsername='cheese18'
[2025-09-30 04:09:56] Fetched id=1 name=Rean Coopera pos=Stock Manager ph-start=$2y$10$LPK
[2025-09-30 04:09:56] Login success employeeUsername='cheese18' id=1
[2025-09-30 04:13:30] Query rows=1 for employeeUsername='cheese18'
[2025-09-30 04:13:30] Fetched id=1 name=Rean Coopera pos=Stock Manager ph-start=$2y$10$LPK
[2025-09-30 04:13:30] Login success employeeUsername='cheese18' id=1
[2025-09-30 04:17:30] Query rows=1 for employeeUsername='cheese18'
[2025-09-30 04:17:30] Fetched id=1 name=Rean Coopera pos=Stock Manager ph-start=$2y$10$LPK
[2025-09-30 04:17:30] Login success employeeUsername='cheese18' id=1
[2025-09-30 04:28:17] Query rows=1 for employeeUsername='cheese18'
[2025-09-30 04:28:17] Fetched id=1 name=Rean Coopera pos=Stock Manager ph-start=$2y$10$LPK
[2025-09-30 04:28:17] Login success employeeUsername='cheese18' id=1
[2025-09-30 04:48:24] Query rows=1 for employeeUsername='cheese18'
[2025-09-30 04:48:24] Fetched id=1 name=Rean Coopera pos=Stock Manager ph-start=$2y$10$LPK
[2025-09-30 04:48:24] Login success employeeUsername='cheese18' id=1
[2025-09-30 04:55:38] Query rows=1 for employeeUsername='cheese18'
[2025-09-30 04:55:38] Fetched id=1 name=Rean Coopera pos=Stock Manager ph-start=$2y$10$LPK
[2025-09-30 04:55:38] Login success employeeUsername='cheese18' id=1
[2025-09-30 06:02:48] Query rows=1 for employeeUsername='cheese18'
[2025-09-30 06:02:48] Fetched id=1 name=Rean Coopera pos=Stock Manager ph-start=$2y$10$LPK
[2025-09-30 06:02:48] Login success employeeUsername='cheese18' id=1
[2025-09-30 06:23:14] Query rows=0 for employeeUsername='dfsdfasa'
[2025-09-30 06:23:14] Login failed for employeeUsername='dfsdfasa'
[2025-09-30 06:24:01] Query rows=0 for employeeUsername='asdfasd'
[2025-09-30 06:24:01] Login failed for employeeUsername='asdfasd'
[2025-09-30 06:24:17] Query rows=1 for employeeUsername='cheese18'
[2025-09-30 06:24:17] Fetched id=1 name=Rean Coopera pos=Stock Manager ph-start=$2y$10$LPK
[2025-09-30 06:24:17] Login failed for employeeUsername='cheese18'
[2025-09-30 06:24:26] Query rows=1 for employeeUsername='cheese18'
[2025-09-30 06:24:26] Fetched id=1 name=Rean Coopera pos=Stock Manager ph-start=$2y$10$LPK
[2025-09-30 06:24:26] Login success employeeUsername='cheese18' id=1
[2025-09-30 10:12:46] Query rows=1 for employeeUsername='cheese18'
[2025-09-30 10:12:46] Fetched id=1 name=Rean Coopera pos=Stock Manager ph-start=$2y$10$LPK
[2025-09-30 10:12:46] Login success employeeUsername='cheese18' id=1
[2025-09-30 10:13:27] Query rows=1 for employeeUsername='cheese18'
[2025-09-30 10:13:27] Fetched id=1 name=Rean Coopera pos=Stock Manager ph-start=$2y$10$LPK
[2025-09-30 10:13:27] Login success employeeUsername='cheese18' id=1
[2025-09-30 11:40:31] Query rows=1 for employeeUsername='cheese18'
[2025-09-30 11:40:31] Fetched id=1 name=Rean Coopera pos=Stock Manager ph-start=$2y$10$LPK
[2025-09-30 11:40:31] Login success employeeUsername='cheese18' id=1
[2025-09-30 12:05:43] Query rows=0 for employeeUsername='dsadsad'
[2025-09-30 12:05:43] Login failed for employeeUsername='dsadsad'
[2025-09-30 12:05:52] Query rows=1 for employeeUsername='cheese18'
[2025-09-30 12:05:52] Fetched id=1 name=Rean Coopera pos=Stock Manager ph-start=$2y$10$LPK
[2025-09-30 12:05:52] Login success employeeUsername='cheese18' id=1
[2025-09-30 12:08:11] Query rows=1 for employeeUsername='cheese18'
[2025-09-30 12:08:11] Fetched id=1 name=Rean Coopera pos=Stock Manager ph-start=$2y$10$LPK
[2025-09-30 12:08:11] Login failed for employeeUsername='cheese18'
[2025-09-30 12:08:18] Query rows=1 for employeeUsername='cheese18'
[2025-09-30 12:08:18] Fetched id=1 name=Rean Coopera pos=Stock Manager ph-start=$2y$10$LPK
[2025-09-30 12:08:18] Login success employeeUsername='cheese18' id=1
[2025-10-08 15:59:36] Query rows=0 for employeeUsername='sad'
[2025-10-08 15:59:36] Login failed for employeeUsername='sad'
